DecibelMeter Ver1.3/app/build/outputs/logs/manifest-merger-debug-report.txt
-- Merging decision tree log ---
manifest
ADDED from src\main\AndroidManifest.xml:2:1-51:12
	package
		ADDED from src\main\AndroidManifest.xml:3:5-40
		INJECTED from src\main\AndroidManifest.xml
		INJECTED from src\main\AndroidManifest.xml
	android:versionName
		ADDED from src\main\AndroidManifest.xml:5:5-30
		INJECTED from src\main\AndroidManifest.xml
		INJECTED from src\main\AndroidManifest.xml
	android:versionCode
		ADDED from src\main\AndroidManifest.xml:4:5-28
		INJECTED from src\main\AndroidManifest.xml
		INJECTED from src\main\AndroidManifest.xml
	xmlns:android
		ADDED from src\main\AndroidManifest.xml:2:11-69
uses-permission#android.permission.RECORD_AUDIO
ADDED from src\main\AndroidManifest.xml:7:5-70
	android:name
		ADDED from src\main\AndroidManifest.xml:7:22-68
uses-permission#android.permission.WRITE_EXTERNAL_STORAGE
ADDED from src\main\AndroidManifest.xml:8:5-80
	android:name
		ADDED from src\main\AndroidManifest.xml:8:22-78
uses-permission#android.permission.READ_EXTERNAL_STORAGE
ADDED from src\main\AndroidManifest.xml:9:5-79
	android:name
		ADDED from src\main\AndroidManifest.xml:9:22-77
uses-permission#android.permission.INTERNET
ADDED from src\main\AndroidManifest.xml:10:5-66
	android:name
		ADDED from src\main\AndroidManifest.xml:10:22-64
uses-permission#android.permission.ACCESS_NETWORK_STATE
ADDED from src\main\AndroidManifest.xml:11:5-78
	android:name
		ADDED from src\main\AndroidManifest.xml:11:22-76
uses-sdk
ADDED from src\main\AndroidManifest.xml:14:5-16:41
MERGED from [com.google.android.gms:play-services:6.5.87] AndroidManifest.xml:18:5-42
MERGED from [com.android.support:support-v4:22.1.0] AndroidManifest.xml:20:5-43
	android:targetSdkVersion
		ADDED from src\main\AndroidManifest.xml:16:9-38
		INJECTED from src\main\AndroidManifest.xml
		INJECTED from src\main\AndroidManifest.xml
	android:minSdkVersion
		ADDED from src\main\AndroidManifest.xml:15:9-35
		INJECTED from src\main\AndroidManifest.xml
		INJECTED from src\main\AndroidManifest.xml
application
ADDED from src\main\AndroidManifest.xml:18:5-49:19
MERGED from [com.google.android.gms:play-services:6.5.87] AndroidManifest.xml:20:5-24:19
MERGED from [com.android.support:support-v4:22.1.0] AndroidManifest.xml:22:5-20
	android:label
		ADDED from src\main\AndroidManifest.xml:21:9-41
	android:allowBackup
		ADDED from src\main\AndroidManifest.xml:19:9-35
	android:icon
		ADDED from src\main\AndroidManifest.xml:20:9-40
	android:theme
		ADDED from src\main\AndroidManifest.xml:22:9-40
meta-data#com.google.android.gms.version
ADDED from src\main\AndroidManifest.xml:24:9-25:69
MERGED from [com.google.android.gms:play-services:6.5.87] AndroidManifest.xml:21:9-23:69
	android:value
		ADDED from src\main\AndroidManifest.xml:25:13-66
	android:name
		ADDED from src\main\AndroidManifest.xml:24:20-65
activity#alex.project.decibelmeter.Splash_activity
ADDED from src\main\AndroidManifest.xml:27:9-35:20
	android:screenOrientation
		ADDED from src\main\AndroidManifest.xml:30:13-49
	android:label
		ADDED from src\main\AndroidManifest.xml:29:13-45
	android:name
		ADDED from src\main\AndroidManifest.xml:28:13-69
intent-filter#android.intent.action.MAIN+android.intent.category.LAUNCHER
ADDED from src\main\AndroidManifest.xml:31:13-34:29
action#android.intent.action.MAIN
ADDED from src\main\AndroidManifest.xml:32:17-69
	android:name
		ADDED from src\main\AndroidManifest.xml:32:25-66
category#android.intent.category.LAUNCHER
ADDED from src\main\AndroidManifest.xml:33:17-77
	android:name
		ADDED from src\main\AndroidManifest.xml:33:27-74
activity#alex.project.decibelmeter.MainActivity
ADDED from src\main\AndroidManifest.xml:37:9-39:20
	android:name
		ADDED from src\main\AndroidManifest.xml:38:13-66
activity#com.google.android.gms.ads.AdActivity
ADDED from src\main\AndroidManifest.xml:44:9-46:64
	android:configChanges
		ADDED from src\main\AndroidManifest.xml:45:13-122
	android:theme
		ADDED from src\main\AndroidManifest.xml:46:13-61
	android:name
		ADDED from src\main\AndroidManifest.xml:44:19-71